http://chromedriver.storage.googleapis.com/index.html

----------ChromeDriver v2.46 (2019-02-01)----------
Supports Chrome v71-73
Resolved issue 2728: Is Element Displayed command does not work correctly with v0 shadow DOM inserts [[Pri-1]]
Resolved issue  755: /session/:sessionId/doubleclick only generates one set of mousedown/mouseup/click events [[Pri-2]]
Resolved issue 2744: Execute Script returns wrong error code when JavaScript returns a cyclic data structure [[Pri-2]]
Resolved issue 1529: OnResponse behavior can lead to port exhaustion [[Pri-2]]
Resolved issue 2736: Close Window command should handle user prompts based on session capabilities [[Pri-2]]
Resolved issue 1963: Sending keys to disabled element should throw Element Not interactable error [[Pri-2]]
Resolved issue 2679: Timeout value handling is not spec compliant [[Pri-2]]
Resolved issue 2002: Add Cookie is not spec compliant [[Pri-2]]
Resolved issue 2749: Update Switch To Frame error checks to match latest W3C spec [[Pri-3]]
Resolved issue 2716: Clearing Text Boxes [[Pri-3]]
Resolved issue 2714: ConnectException: Failed to connect to localhost/0:0:0:0:0:0:0:1:15756. Could not start driver. [[Pri-3]]
Resolved issue 2722: Execute Script does not correctly convert document.all into JSON format [[Pri-3]]
Resolved issue 2681: ChromeDriver doesn't differentiate "no such element" and "stale element reference" [[Pri-3]]

----------ChromeDriver v2.45 (2018-12-10)----------
Supports Chrome v70-72
Resolved issue 1997: New Session is not spec compliant [[Pri-1]]
Resolved issue 2685: Should Assert that the chrome version is compatible [[Pri-2]]
Resolved issue 2677: Find Element command returns wrong error code when an invalid locator is used [[Pri-2]]
Resolved issue 2676: Some ChromeDriver status codes are wrong [[Pri-2]]
Resolved issue 2665: compile error in JS inside of WebViewImpl::DispatchTouchEventsForMouseEvents [[Pri-2]]
Resolved issue 2658: Window size commands should handle user prompts [[Pri-2]]
Resolved issue 2684: ChromeDriver doesn't start Chrome correctly with options.addArguments("user-data-dir=") [[Pri-3]]
Resolved issue 2688: Status command is not spec compliant [[Pri-3]]
Resolved issue 2654: Add support for strictFileInteractability [[Pri-]]

----------ChromeDriver v2.44 (2018-11-19)----------
Supports Chrome v69-71
Resolved issue 2522: Test ChromeDriverTest.testWindowMaximize is failing on Mac build bot on Waterfall [[Pri-2]]
Resolved issue 2615: Incorrect 'alert open error' for window handle call [[Pri-2]]
Resolved issue 2649: Element Send Keys should get "text" property in W3C mode [[Pri-2]]
Resolved issue 1995: XML special case of Is Element Enabled is not handled as per spec [[Pri-2]]
Resolved issue 1994: XML special case of Get Element CSS Value is not handled as per spec [[Pri-2]]
Resolved issue 2655: Set Window Rect needs to check for invalid input [[Pri-3]]
Resolved issue 2597: Support new unhandledPromptBehavior modes [[Pri-3]]

----------ChromeDriver v2.43 (2018-10-16)----------
Supports Chrome v69-71
Resolved issue 2537: Parsing of proxy configuration is not standard compliant [[Pri-1]]
Resolved issue 2607: Launch App command is flaky [[Pri-2]]
Resolved issue 2575: Screenshot of element inside iFrame is taken incorrectly [[Pri-2]]
Resolved issue 1855: Feature request : ChromeDriver to support window resizing over a remote connection [[Pri-2]]
Resolved issue 1998: Error codes are not handled in Clear element [[Pri-2]]
Resolved issue 2016: Not Waiting until element is visible [[Pri-2]]
Resolved issue 1936: Get element property is not implemented [[Pri-2]]
Resolved issue 1992: Switch To Frame is not spec compliant [[Pri-2]]
Resolved issue 2001: Execute Async Script does not return spec compliant error codes [[Pri-2]]
Resolved issue 2000: Execute Script does not return spec compliant error codes [[Pri-2]]
Resolved issue 1987: Error code in ExecuteGet is not conformant with spec [[Pri-2]]
Resolved issue 2003: Send Alert Text is not returning spec compliant error codes [[Pri-2]]
Resolved issue 1319: clear() on an input type="date" pretends element is not user-editable [[Pri-3]]
Resolved issue 1404: Chromedriver gets window handle for the tab which is opened manually [[Pri-3]]
Resolved issue  586: Allow append or start a new log file for chromedriver [[Pri-3]]
Resolved issue 2371: New Session does not invoke w3c mode if flag is in firstMatch [[Pri-]]

----------ChromeDriver v2.42 (2018-09-13)----------
Supports Chrome v68-70
Resolved issue 2144: Test testClickElement from MobileEmulationCapabilityTest class fails on Chromium for all platforms [[Pri-1]]
Resolved issue 2566: whitelisted-ips not working with ipv4 [[Pri-1]]
Resolved issue 2541: chromedriver v2.41 fails to start with whitelisted-ips flag on macOS [[Pri-1]]
Resolved issue 2057: Set Timeouts is not implemented [[Pri-1]]
Resolved issue 1938: Take element screenshot not implemented in Chromedriver [[Pri-2]]
Resolved issue 2550: chromedriver ignores PATH when searching for chrome binary [[Pri-2]]
Resolved issue 1993: Fullscreen Window command not spec compliant [[Pri-2]]
Resolved issue 2501: Implement log-replay functionality [[Pri-2]]
Resolved issue 2552: Some error codes are not standard compliant [[Pri-2]]
Resolved issue  669: console.log with multiple arguments not handled properly [[Pri-2]]
Resolved issue 2545: Getting "unknown error: getting size failed to return x" for SVG rect [[Pri-2]]
Resolved issue 2571: chromedriver 2.35 ~ 2.41 - touch emulation not working (swipe) [[Pri-]]

----------ChromeDriver v2.41 (2018-07-27)----------
Supports Chrome v67-69
Resolved issue 2458: Chromedriver fails to start with whitelisted-ips option [[Pri-1]]
Resolved issue 2379: Returned capabilities should include remote debugging port [[Pri-2]]
Resolved issue 1005: driver.manage().window().getSize() is not implemented on Android [[Pri-2]]
Resolved issue 2474: desktop launcher error messages are not readable by users [[Pri-]]
Resolved issue 2496: Fail fast when not able to start binary [[Pri-]]
Resolved issue 1990: Close Window return value does not conform with spec [[Pri-]]

----------ChromeDriver v2.40 (2018-06-07)----------
Supports Chrome v66-68
Resolved issue 2446: Regression: Chromedriver 2.39 hangs on open when user-data-dir is specified and exists [[Pri-1]]
Resolved issue  779: Make ChromeDriver able to listen on requests from IPv6. [[Pri-1]]
Resolved issue 2339: Chromedriver couldn't find the Android file using valid file path [[Pri-2]]
Resolved issue 2307: /session/:sessionId/send_command and /session/:sessionId/send_command_and_get_result should be changed to be proper extension commands [[Pri-]]

----------ChromeDriver v2.39 (2018-05-30)----------
Supports Chrome v66-68
Resolved issue 2436: ChromeDriver for Android does not provide useful error message for old adb version [[Pri-1]]
Resolved issue 2431: ChromeDriver tests that close Windows are flaky [[Pri-1]]
Resolved issue 2259: Click on component into an Iframe (with container padding > 0) is not working [[Pri-1]]
Resolved issue 2161: ChromeDriver remote debug port reservation race conditions [[Pri-2]]
Resolved issue 2420: Get Alert Text is not returning spec compliant error codes [[Pri-2]]
Resolved issue 2369: Clean up state of androidUseRunningApp feature [[Pri-2]]
Resolved issue 2406: Minimize/Maximize window need a w3c compliant endpoints [[Pri-]]

----------ChromeDriver v2.38 (2018-04-17)----------
Supports Chrome v65-67
Resolved issue 2354: The chromedriver crashes/lose connection when navigate to gmail [[Pri-0]]
Resolved issue 2381: Unknown session ID and cannot determine loading status [[Pri-1]]
Resolved issue 2198: ChromeDriver 2.34 doesn't wait until iframe content loads after switching into iframe [[Pri-2]]
Resolved issue 2142: unknown error: Element is not clickable at point - after updating chrome browser and chrome driver to latest version [[Pri-2]]

----------ChromeDriver v2.37 (2018-03-16)----------
Supports Chrome v64-66
Resolved issue 2304: Test ChromeDriverSiteIsolation.testCanClickOOPIF fails on Chrome v66 for all desktop platforms [[Pri-1]]
Resolved issue 1940: Many window command endpoints are unimplemented in Chromedriver [[Pri-2]]
Resolved issue 1937: Get element rect is not implemented [[Pri-2]]
Resolved issue 2329: ChromeDriver does not allow value of 0 for extensionLoadTimeout option [[Pri-2]]

----------ChromeDriver v2.36 (2018-03-02)----------
Supports Chrome v63-65
Resolved issue 1819: testIFrameWithExtensionsSource is failing on Chrome v60+ [[Pri-1]]
Resolved issue 2221: Add command-line option to log INFO level to stderr [[Pri-2]]
Resolved issue  450: ChromeDriver hangs when switching to new window whose document is being overwritten [[Pri-2]]
Resolved issue 2235: Add option to control the wait for extension background pages [[Pri-2]]
Resolved issue 2234: fixed webview_devtools_remote_ is not right [[Pri-2]]
Resolved issue 2223: Unable to load extension if background page name starts with / [[Pri-2]]
Resolved issue 2280: ChromeDriver should be more extensible [[Pri-]]
Resolved issue 2231: Pixel 2 and Pixel 2 XL not working in Mobile Emulation [[Pri-]]
Resolved issue 746266: Chromedriver does not support OOPIF

----------ChromeDriver v2.35 (2018-01-10)----------
Supports Chrome v62-64
Resolved issue 2191: Executing JavaScript code fails if the script returns no result [[Pri-1]]
Resolved issue 2183: Connections Aren't Persistent [[Pri-2]]
Resolved issue 2207: Some mobile emulation devices do not work [[Pri-2]]
Resolved issue 2177: Get local storage returns command names in Chrome 63 [[Pri-2]]
Resolved issue 2179: absolute time on log entries [[Pri-2]]

----------ChromeDriver v2.34 (2017-12-10)----------
Supports Chrome v61-63
Resolved issue 2025: Incorrect navigation on Chrome v63+ [['Pri-0']]
Resolved issue 2034: Error looking for "Timeline.start" in Chrome [['Pri-2']]
Resolved issue 1883: Unable to emulate android devices with Chromedriver 2.30 [['Pri-2']]
Resolved issue 2103: Touch in mobile emulation doesn't work [[]]

----------ChromeDriver v2.33 (2017-10-03)----------
Supports Chrome v60-62
Resolved issue 2032: ChromeDriver crashes while creating DNS resolver [['Pri-1']]
Resolved issue 1918: Get/SetWindowSize & Get/SetWindowPosition commands are failing on Chromev62+ [['Pri-1']]
Resolved issue 2013: Android 8.0.0 webviews not supported [['Pri-2']]
Resolved issue 2017: In mobileEmulation "element is not clickable" if it is outside the visible area [['Pri-2']]
Resolved issue 1981: chromedriver does not respect excludeSwitches flag [['Pri-2']]
Partially Resolved issue 2002: Add Cookie is not spec compliant [[]]
Resolved issue 1985: FindElement raises the wrong error [[]]

----------ChromeDriver v2.32 (2017-08-30)----------
Supports Chrome v59-61
Resolved issue 1852: Error 'Element is not clickable at point' occurs on Chrome v61+ [['Pri-1']]
Resolved issue 1950: DeleteCookie in Chrome v62 and Chromedriver v2.31 fails [['Pri-2']]
Resolved issue 1942: ChromeDriver response in W3C mode is not standard compliant [['Pri-2']]
Resolved issue 1910: Fails to retrieve default prompt text on Chrome v62+ [['Pri-2']]
Resolved issue 1900: LaunchApp command throws UnknownError: cannot get automation extension on Mac and Windows Chrome v62+ [['Pri-2']]
Resolved issue 1885: unknown error: Cannot use 'in' operator to search for 'String' in null [['Pri-2']]
Resolved issue 1882: Chromedriver URI for Execute Async Script is not spec compliant [['Pri-3']]
Resolved issue 1621: Implement session/<session id>/window/fullscreen command [['Pri-3']]
Resolved issue 1896: Characters '3' and '#' are not being entered using SendKeys on Mac Chrome v62+ [[]]
Resolved issue 1894: chromedriver 2.31 should be linked with glibc 2.17 [[]]
Resolved issue 1740: ChromeDriver session handshake needs to be W3C compliant [[]]
Resolved issue 1898: Wrong error is thrown while sending text to non prompt dialog. [[]]
Resolved issue 1888: Chromedriver doesn't throw an exception when uploading an invalid file with selenium [[]]

----------ChromeDriver v2.31 (2017-07-21)----------
Supports Chrome v58-60
Resolved issue 1804: Flakiness when retrieving cookies using GetCookies command on Windows [['Pri-1']]
Resolved issue 1879: Implement /session/{session id}/cookie/{name} command [['Pri-2']]
Resolved issue 1860: WebDriverException: Message: unknown error: bad inspector message:"" when attempting to get page_source [['Pri-2']]
Resolved issue 1293: Timed out receiving message from renderer on window.location change [['Pri-2']]
Resolved issue 1849: ChromeDriver 2.30 AddCookie command uses incorrect default path [['Pri-2']]
Resolved issue 1256: switchToFrame should throw StaleElementReferenceException in case the element is stale [['Pri-2']]
Resolved issue 1786: Feature request: change chromeOptions to goog:chromeOptions [['Pri-3']]
Resolved issue 1772: Chromedriver running against canary chrome w/ headless flag requires XVFB for sendKey interactions [[]]
Resolved issue 727979: Failed to set Chrome's command line file on device for long command line [['Pri-3']]

----------ChromeDriver v2.30 (2017-06-07)----------
Supports Chrome v58-60
Resolved issue 644: ChromeDriver does not delete the profile & scoped_dir* folders after test exits [['Pri-1']]
Resolved issue 1114: unknown error:Maximum call stack size exceeded on calling any webdriver command [['OS-All', 'Pri-1']]
Resolved issue 1773: ChromeDriver crashes when using console.time on Chromev58+ [['OS-All', 'Pri-1']]
Resolved issue 1526: mobileEmulation not working for the listed devices in the chrome [['Pri-2']]
Resolved issue 1777: NoSuchFrameException is thrown when attempting to focus on a frame with protocol "chrome-extension://" within a page with protocol "https://" on Chrome 58 [['OS-All', 'Pri-2']]
Resolved issue 1779: testWindowMaximize is failing on Mac for Chrome v60+ [['OS-Mac', 'Pri-2']]
Resolved issue 1775: testShouldHandleNewWindowLoadingProperly failing on Chrome v60+ [['OS-All', 'Pri-2']]
Resolved issue 1796: Chromedriver failed to connect to Chrome on CrOS with latest canary build [[]]
Resolved issue 1353: Sending text to Alert / Confirm dialog should throw element not visible exception [[]]

----------ChromeDriver v2.29 (2017-04-04)----------
Supports Chrome v56-58
Resolved issue 1521: Assignment to Object.prototype.$family causes a crash [['Pri-1']]
Resolved issue 1482: Chromedriver cannot handle the alert generated by onbeforeunload event [['OS-All', 'Pri-2']]
Resolved issue 1315: |switch_to.window| does not visually switch tabs [['OS-All', 'Pri-3']]

----------ChromeDriver v2.28 (2017-03-09)----------
Supports Chrome v55-57
Resolved issue 1625: Error: cannot get automation extension on Chrome57+ [['OS-All', 'Pri-1', 'merge-merged-2987']]
Resolved issue 1695: Chrome crashes on Linux32 bot [['OS-Linux', 'Pri-1']]
Resolved issue 1467: A hang occurs when an alert dialog is displayed on Chrome 52+ [['OS-All', 'Pri-2']]
Resolved issue 1688: Exported Netlog with --log-net-log is truncated [['OS-Linux', 'OS-Mac', 'Pri-2']]
Resolved issue 1388: find Elements is failing [['Pri-2']]

----------ChromeDriver v2.27 (2016-12-23)----------
Supports Chrome v54-56
Resolved issue 1637: Getting window handles fails in the presence of shared workers on Chrome 55+ [['OS-All', 'Pri-1']]

----------ChromeDriver v2.26 (2016-12-09)----------
Supports Chrome v53-55
Resolved issue 1607: Chrome 57+ with perf logs enabled fails with "unexpected command response" [['OS-All', 'Pri-1']]
Resolved issue 1502: sendKeys(): SPACE key does not work on Chrome 53 [['OS-All', 'Pri-1']]
Resolved issue 984: Extend ChromeDriver capabilities to cover network throttling feature from Chrome DevTools [['OS-All', 'Pri-2']]
Resolved issue 877: UnhandledAlertException not being propagated upwards [['OS-All', 'Pri-2']]
Resolved issue 1578: Flash plugin blocked after updating Chrome browser [['OS-All', 'Pri-2']]
Resolved issue 1617: Fullscreen command is not recognised [['OS-All', 'Pri-3']]
Resolved issue 839: clear does not work on input type number with string value [['Pri-3']]
Resolved issue 1500: "Could not handle JavaScript dialog" error occurs randomly when accepting confirmation dialogs. [[]]
Resolved issue 1541: find element with empty tag is raising wrong exception in findElement [[]]
Resolved issue 1540: empty tagname value should raise an error when doing findElements [[]]

----------ChromeDriver v2.25 (2016-10-25)----------
Supports Chrome v53-55
Resolved issue 1547: Chromedriver crashes during event Runtime.consoleAPICalled [['OS-All', 'Pri-1']]
Resolved issue 1514: GetLog command times out if an alert is showing [['OS-All', 'Pri-1']]
Resolved issue 1460: "Disable Developer Mode Extensions" exists on Mac, but not Windows [[]]

----------ChromeDriver v2.24 (2016-09-09)----------
Supports Chrome v52-54
Resolved issue 1497: GetLog fails when the current window is closed [['OS-All', 'Pri-0']]
Resolved issue 1495: ChromeDriver crashes with "Check failed: !page_load_strategy_.empty()" [['OS-All', 'Pri-0']]
Resolved issue 1463: SessionNotCreatedException: Runtime.evaluate missing 'wasThrown' on Chrome 54+ [['OS-All', 'Pri-0']]
Resolved issue 1484: SendKeys of a Tab Key has no effect in Chrome 53 [['OS-All', 'Pri-1']]
Resolved issue 1431: GetLog command does not work for Chrome 54+ [['OS-All', 'Pri-1']]
Resolved issue 1411: sendKeys generates events that are missing some fields [['OS-All', 'Pri-1']]
Resolved issue 1451: Chrome 54+ session not created exception: Runtime.executionContextCreated has invalid 'context' [['Pri-1']]
Resolved issue 984: Extend ChromeDriver capabilities to cover network throttling feature from Chrome DevTools [['OS-All', 'Pri-2']]
Resolved issue 1454: Net::ReadTimeout error on launching Canary v54 through RemoteWebDriver [[]]

----------ChromeDriver v2.23 (2016-08-04)----------
Supports Chrome v51-53
Resolved issue 1378: Android 6: Intitialization of Chrome driver fails when Chrome/Webview process is in running (R) state [['OS-Android', 'Pri-1']]
Resolved issue 1379: Chromedriver does not catch all available browser console log entries [['OS-All', 'Pri-2']]

----------ChromeDriver v2.22 (2016-06-06)----------
Supports Chrome v49-52
Resolved issue 1348: Timeout error while navigating to URL on Chrome 51+ [['OS-All', 'Pri-0']]
Resolved issue 1381: Timeout error occurs when alert dialog is displayed on Chrome 52+ [['OS-All', 'Pri-1', 'merge-merged-2743']]
Resolved issue 1339: Failure when executing JS in a content script context [['OS-All', 'Pri-1']]
Resolved issue 1387: ChromeDriver hangs when calling driver.get() for same-process navigations [['OS-All', 'Pri-1']]
Resolved issue 1365: Touch emulation is not working under mobile emulation in Chrome 50+ [['OS-All', 'Pri-1']]
Resolved issue 1224: Chrome WebDriver throws an exception when trying to click a button inside a frame  [['OS-All', 'Pri-2']]
Resolved issue 107: ChromeDriver Won't Switch To Frame inside nested frameset [['OS-All', 'Pri-2']]
Resolved issue 1368: ExecuteScript returns "Cannot read property 'document' of null" [[]]
Resolved issue 1355: Session not created exception when connecting to existing browser on localhost [[]]
Resolved issue 1331: "chromeOptions.excludeSwitches" is not working on Android [[]]

----------ChromeDriver v2.21 (2016-01-28)----------
Supports Chrome v46-50
Resolved issue 1276: empty FindElement response is returned while trying to find element with tagname object/embed [['OS-All', 'Pri-1']]
Resolved issue 1272: GET url returns "data:text/html,chromewebdata" [['OS-All', 'Pri-2']]
Resolved issue 1310: ChromeDriver hangs (and times out) when inspecting inactive background pages [['OS-All', 'Pri-2']]
Resolved issue 824: ChromeDriver creates two cookies when the cookie to add contains the domain [['OS-All', 'Pri-2']]
Resolved issue 1274: ExecuteScript sends script to wrong execution context [['OS-All', 'Pri-2']]
Resolved issue 1249: Change "get current URL" behavior in ChromeDriver [['OS-All', 'Pri-2']]
Resolved issue 904: include Alert text in UnhandledAlertError stack trace [['OS-All', 'Pri-2']]
Resolved issue 474: getAttribute() fails when attribute name has colon (:) character [['OS-All', 'Pri-3']]
Resolved issue 1245: Unable to switch to 1st opened window in session [[]]
Resolved issue 1290: Cannot access elements from subframes [[]]
Resolved issue 1261: getTitle() should return empty string instead of page url when page title is empty [[]]
Resolved issue 1238: testExecuteInRemovedFrame fails on waterfall bots [['OS-All']]
Resolved issue 1246: Chromedriver version number is not displayed in logs/ getCapabilities() [['OS-All']]

----------ChromeDriver v2.20 (2015-10-08)----------
Supports Chrome v43-48
Resolved issue 1225: RESPONSE InitSession unknown error: Device <device_id> is not online [['OS-Android', 'Pri-0']]
Resolved issue 960: ChromeDriver support to access WebView elements [['OS-All', 'Pri-2']]
Resolved issue 1229: Spec violation: /sessions endpoint returns session ID at `sessionId` key instead of `id` key [['OS-All', 'Pri-2']]

----------ChromeDriver v2.19 (2015-08-28)----------
Supports Chrome v43-47
Resolved issue 1167: Various issues with ChromeDriver navigation tracker [['OS-All', 'Pri-1']]
Resolved issue 1205: Chrome crashes when enabling touch emulation [['OS-Mac', 'OS-Windows', 'Pri-1']]
Resolved issue 1142: cookies' httponly attribute is not returned [['Pri-2']]

----------ChromeDriver v2.18 (2015-08-19)----------
Supports Chrome v43-46
Resolved issue 1158: Unable to find elements after installing Chrome 44 [['ChromeDriver-2.17', 'OS-All', 'Pri-1']]
Resolved issue 635: Implement touch actions for android chrome [['OS-Android', 'Pri-2']]
Resolved issue 1194: unknown error: cannot determine loading status from disconnected: received Inspector.detached event [[]]

----------ChromeDriver v2.16 (2015-06-08)----------
Supports Chrome v42-45
Resolved issue 1111: Touch Actions fail on WebView [OS-Android, Pri-0]
Resolved issue 1118: Tests that use GoBack or GoForward can be flaky [OS-All, Pri-0]
Resolved issue 1106: ChromeDriver does not switch back to top frame after navigation events [OS-All, Pri-0]
Resolved issue 1102: ChromeDriver does not report ""hasTouchScreen"" when it has a touchscreen [OS-Android, Pri-1]

----------ChromeDriver v2.15 (2015-03-26)----------
Supports Chrome v40-43


----------ChromeDriver v2.14 (2015-01-28)----------
Supports Chrome v39-42
Resolved issue 537: Manually clicking on javascript alert causes chromedriver to return UnexpectedAlertPresentException for all subsequent calls [Pri-3]
Resolved issue 1: Implement /sessions command [Pri-3]
Resolved issue 975: driver.findElements(By.id("..")) not working correctly when id contains semicolon []
Resolved issue 852: Support shadow dom in chromedriver. []

----------ChromeDriver v2.13 (2014-12-10)----------
Supports Chrome v38-41
Resolved issue 997: Chromedriver times out waiting for Tracing.end command to respond [OS-All, Pri-0]
Resolved issue 980: GoBack command times out on all platforms [OS-All, Pri-0]
Resolved issue 978: ChromeDriver port server fails to reserve port [OS-Linux, Pri-0]
Resolved issue 653: Commands goBack and goForward have race condition. [Pri-1]
Resolved issue 845: chromedriver fails with "Chrome version must be >= 31.0.1650.59" on Android 4.4.3 webviews [OS-Android, Pri-1]
Resolved issue 626: silence chrome logging by default on windows [Pri-1]
Resolved issue 973: ChromeDriver fails to close DevTools UI before executing commands [OS-All, Pri-2]

----------ChromeDriver v2.12 (2014-10-27)----------
Supports Chrome v36-40
Resolved issue 946: ChromeDriver can't parse short git hashes from Chrome OS [Pri-0]
Resolved issue 906: Chromedriver cannot be instantiated on CrOS with **kwargs [OS-Chrome, Pri-1]
Resolved issue 944: When using mobile emulation, window.screen.height/width doesn't reflect phone's screen resolution [Pri-1]
Resolved issue 916: Selenium (javascript) fails when switching to webview window in Chrome apps [Pri-2]
Resolved issue 945: touch events sometimes don't work in mobile emulation mode [Pri-2]
Resolved issue 611: Prefs capability should override custom user data dir prefs [Pri-3]
Resolved issue 926: Chromedriver memory leak in devtools_client_impl.cc []

----------ChromeDriver v2.11 (2014-10-07)----------
Supports Chrome v36-40
Resolved issue 815: testShouldHandleNewWindowLoadingProperly fails on ToT builds [OS-All, Pri-0]
Resolved issue 908: No way to exclude switches on Android [OS-Android, Pri-0]
Resolved issue 868: SelectElementHandlingTest.testShouldBeAbleToSelectMoreThanOneOptionFromASelectWhichAllowsMultipleChoices failing [OS-All, Pri-0]
Resolved issue 399: Extend ChromeDriver capabilities to cover mobile emulation tools in Chrome DevTools [Pri-1, Type-Enhancement]
Resolved issue 906: Chromedriver cannot be instantiated on CrOS with **kwargs [OS-Chrome, Pri-1]
Resolved issue 776: ChromeDriver does not accept extensions of zip file format any more [OS-All, Pri-2]
Resolved issue 799: Chrome starts with message "You are using an unsupported command-line flag: --ignore-certifcate-errors. Stability and security will suffer." [OS-All, Pri-3]

----------ChromeDriver v2.10 (2014-05-01)----------
Supports Chrome v33-36
Resolved issue 780: Deny remote connections unless --whitelisted-ips is passed. [Pri-0]
Resolved issue 698: implement touch flick command on Android [Pri-1]
Resolved issue 760: Implement command to switch to parent frame [Pri-1]
Resolved issue 152: Support --version switch [Pri-3]

----------ChromeDriver v2.9 (2014-01-31)----------

Supports Chrome v31-34

Resolved issue 665: Use /data/local/tmp for command line flags on user builds [OS-Android, Pri-0]

Resolved issue 696: Return window handle to App window (like Google Keep) in command driver.getWindowHandles [Pri-0]

Resolved issue 694: Update http://chromedriver.storage.googleapis.com/LATEST_RELEASE for users to query for latest release and do automatic update in script [Pri-0]

Resolved issue 690: Fix clicking on Map Area [Pri-0]

Resolved issue 454: chromedriver didn't support Debian 7 [Pri-0]

Resolved issue 638: chomedriver.exe 2.6 to 2.8 built on Win7 build bot always produce empty chromedriver.log on local windows machine. [Pri-0]

Resolved issue 672: Wait 60 seconds for chrome to start up on all OS and 30 seconds for chrome shutdown on Mac and Linux. [Pri-0]

Resolved issue 660: Port used for android adb forward leaks. [Pri-0]

Resolved issue 676: LaunchApp method for launching Chrome apps using their ID [OS-All, Pri-0]



----------ChromeDriver v2.8 (2013-12-16)----------

Supports Chrome v30-33

Resolved issue 638: Chomedriver 2.7, logging still broken. [Pri-0]

Resolved issue 507: Cookie creation - Domain getting prefixed with a period "." [Pri-0]

Resolved issue 516: Extensions with _generated_background_page no longer loading in 2.3 [Pri-0]

Resolved issue 405: Can't type some non-ascii characters [OS-Windows, Pri-0]

Resolved issue 627: With a keyboard layout != us send_keys does not send some digits characters (0, 2, 7, 9 ) [OS-Linux, Pri-0]



----------ChromeDriver v2.7 (2013-11-22)----------

Supports Chrome v30-33

Resolved issue 615: ChromeDriver doesn't work well with auto detect proxy settings [OS-Windows, Pri-0]

Resolved issue 614: Implement new redirectionless /session command [Pri-0]

Resolved issue 625: logging broken on windows [Pri-0]

Resolved issue 573: chromedriver crashes on windows occasionally [OS-Windows, Pri-1]



----------ChromeDriver v2.6 (2013-11-04)----------

Supports Chrome v29-32

Resolved issue 599: Chromedriver failes after MacOS X Mavericks upgrade [OS-Mac, Pri-0, Type-Defect]

Resolved issue 585: Return user data dir via capabilities []



----------ChromeDriver v2.5 (2013-11-01)----------

Supports Chrome v29-32

Resolved issue 600: Support minidump for chrome crashes on Linux with a new capability minidump_path. [Pri-0]

Resolved issue 569: A change in blink breaks scrolling an element into view [Pri-0]

Resolved issue 554: Release notes broken [Pri-0]

Resolved issue 545: hang when debugger is invoked via JS [Pri-0]



----------ChromeDriver v2.4 (2013-09-30)----------

Supports Chrome v29-32

Resolved issue 444: chromedriver sometimes hangs when launching chrome (chrome fails to bind to debug port) [Pri-0]

Resolved issue 529: WebDriver clients fail when attempting to use empty chromeOption binary string [Pri-0]

Resolved issue 536: remote debugging port taken during startup [Pri-0]

Resolved issue 520: Some commands hangs if the target window already crashes. []

Resolved issue 519: Support JS heap snapshot []



----------ChromeDriver v2.3 (2013-09-02)----------


Resolved issue 309: Screenshot is blank from an VM instance without an open RDC connection [Pri-1]


Resolved issue 445: chromedriver crashes when port is in use [Pri-1]


Resolved issue 461: TouchUp, TouchDown, and TouchMove commands [OS-All, Pri-1]


Resolved issue 489: No longer using packed extension id when loading custom extensions [Pri-3]


Resolved issue 491: Extension does not have its _id_ [Pri-3]


Resolved issue 497: unrecognized chrome option: useExistingBrowser [Pri-3]





----------ChromeDriver v2.2 (2013-08-06)----------


